May 06, 2016 2:33:09 PM org.apache.catalina.core.AprLifecycleListener init
INFO: The APR based Apache Tomcat Native library which allows optimal performance in production environments was not found on the java.library.path: /usr/java/packages/lib/amd64:/usr/lib64:/lib64:/lib:/usr/lib
May 06, 2016 2:33:10 PM org.apache.coyote.http11.Http11Protocol init
INFO: Initializing Coyote HTTP/1.1 on http-8080
May 06, 2016 2:33:10 PM org.apache.catalina.startup.Catalina load
INFO: Initialization processed in 976 ms
May 06, 2016 2:33:10 PM org.apache.catalina.core.StandardService start
INFO: Starting service Catalina
May 06, 2016 2:33:10 PM org.apache.catalina.core.StandardEngine start
INFO: Starting Servlet Engine: Apache Tomcat/6.0.41
May 06, 2016 2:33:10 PM org.apache.catalina.startup.HostConfig deployDescriptor
INFO: Deploying configuration descriptor host-manager.xml
May 06, 2016 2:33:10 PM org.apache.catalina.startup.HostConfig deployDescriptor
INFO: Deploying configuration descriptor manager.xml
May 06, 2016 2:33:11 PM org.apache.catalina.startup.HostConfig deployWAR
INFO: Deploying web application archive walker.war
SLF4J: Class path contains multiple SLF4J bindings.
SLF4J: Found binding in [jar:file:/var/tomcat/tomcat6/webapps/walker/WEB-INF/lib/slf4j-log4j12-1.7.7.jar!/org/slf4j/impl/StaticLoggerBinder.class]
SLF4J: Found binding in [jar:file:/var/tomcat/tomcat6/webapps/walker/WEB-INF/lib/slf4j-simple-1.7.7.jar!/org/slf4j/impl/StaticLoggerBinder.class]
SLF4J: See http://www.slf4j.org/codes.html#multiple_bindings for an explanation.
2016/05/06-14:33:14 >> priority:  INFO >> com.maxtop.walker.cache.SettingRepository.refresh(SettingRepository.java:30) >> Start refreshing settings!
2016/05/06-14:33:14 >> priority: DEBUG >> org.apache.ibatis.logging.jdbc.BaseJdbcLogger.debug(BaseJdbcLogger.java:139) >> ==>  Preparing: select centerLng, centerLat, radius, warningSwitch, warningDistance, mul, `add` from t_setting 
2016/05/06-14:33:14 >> priority: DEBUG >> org.apache.ibatis.logging.jdbc.BaseJdbcLogger.debug(BaseJdbcLogger.java:139) >> ==> Parameters: 
2016/05/06-14:33:14 >> priority: DEBUG >> org.apache.ibatis.logging.jdbc.BaseJdbcLogger.debug(BaseJdbcLogger.java:139) >> <==      Total: 1
2016/05/06-14:33:14 >> priority:  INFO >> com.maxtop.walker.cache.SettingRepository.refresh(SettingRepository.java:38) >> Refreshing settings successfully!
2016/05/06-14:33:14 >> priority:  INFO >> com.maxtop.walker.cache.PlayerRepository.refresh(PlayerRepository.java:33) >> Start refreshing players!
2016/05/06-14:33:15 >> priority: DEBUG >> com.maxtop.walker.service.impl.HttpClientServiceImpl.executeGetService(HttpClientServiceImpl.java:75) >> {"status": "success", "code": "0", "data": [{"status": "1", "money_rank": 12, "tel": "12345678", "description": "\u4e2d\u56fd\u5185\u5730\u7537\u6b4c\u624b\u3001\u4e3b\u6301\u4eba\uff0c\u4e0d\u4ec5\u5177\u6709\u72ec\u7279\u7684\u8868\u6f14\u98ce\u683c\u548c\u5f20\u626c\u7684\u4e2a\u6027\uff0c\u4ed6\u8fd8\u62e5\u6709\u4e0e\u4f17\u4e0d\u540c\u7684\u53c2\u8d5b\u7ecf\u9a8c\u3002\u5531\u529f\u6682\u4e14\u4e0d\u63d0\uff0c\u4f46\u4ed6\u7684\u8868\u6f14\u5374\u6709\u72ec\u6811\u4e00\u5e1c\u7684\u98ce\u683c\u3002\u641e\u602a\u3001\u6bd2\u820c\uff0c\u62e5\u6709\u641e\u602a\u7684\u753b\u98ce\u548c\u7280\u5229\u7684\u8c08\u5410\uff0c\u79f0\u4f5c\u4e3a\u7537\u7248\u7684\u201cLADYGAGA\u201d", "tudou": "0", "zbid": "339", "playerid": "339", "money": "0", "zburl": "http://zb.youku.com/live/zone/F2lUcvui8gc.html", "jail_time": "0", "rank": 11, "show_for_user": "1", "role": "1", "avatar": "http://g1.ykimg.com/0B810000572AE335001BB6116400082A", "lat": "31.235555", "room_id": "483", "lng": "121.510506", "show_for_player": "1", "name": "\u5e08\u6d0b"}, {"status": "1", "money_rank": 13, "tel": "12345678", "name": "\u848b\u7476\u5609", "tudou": "0", "zbid": "338", "playerid": "338", "money": "0", "zburl": "http://zb.youku.com/live/zone/X3O3BGzP_04.html", "jail_time": "0", "rank": 12, "show_for_user": "1", "room_id": "480", "avatar": "http://g1.ykimg.com/0B810000572AE2C500045D1164002668", "lat": "30.123", "role": "1", "lng": "120.123", "show_for_player": "1", "description": "2014\u5e74\uff0c\u8003\u8fdb\u4f2f\u514b\u5229\u97f3\u4e50\u5b66\u9662\u2014\u2014\u7f8e\u56fd\u95fb\u540d\u9050\u8fe9\u7684\u73b0\u4ee3\u97f3\u4e50\u5b66\u9662\u3002\u51ed\u7740\u300a\u4e2d\u56fd\u597d\u6b4c\u66f2\u300b\u4e2d\u7684\u4e00\u66f2\u300a\u68a6\u7684\u5821\u5792\u300b\u4eba\u6c14\u7206\u7ea2\uff0c\u7279\u7acb\u72ec\u884c\u884c\u4e8b\u679c\u6562\uff0c\u5979\u81ea\u5df1\u4f5c\u8bcd\u4f5c\u66f2\u7684\u300a\u7efd\u653e\u300b\u6210\u4e3a\u300a\u514b\u62c9\u604b\u4eba\u300b\u7ecf\u5178\u63d2\u66f2\u3002"}, {"status": "1", "money_rank": 16, "tel": "12345678", "description": "\u611f\u60c5\u4e30\u5bcc\uff0c\u88ab\u79f0\u4e3a\u201c\u7231\u54ed\u7476\u201d\u3002\u9664\u6b4c\u5531\u6280\u80fd\u5916\uff0c\u4e5f\u6ca1\u6709\u821e\u8e48\u6280\uff0c\u552f\u6709\u7f8e\u8c8c\u582a\u6bd4\u7ef4\u7eb3\u65af\uff0c\u4f17\u795e\u4e4b\u4e0b\uff0c\u72ec\u6709\u8eab\u6750\u3002", "tudou": "0", "zbid": "335", "playerid": "335", "money": "0", "zburl": "http://zb.youku.com/live/zone/fF4r-3E-Dqo.html", "jail_time": "0", "rank": 15, "show_for_user": "1", "room_id": "471", "avatar": "http://g1.ykimg.com/0B810000572AE2FB0021AB1164001E9E", "lat": "31.235555", "role": "1", "lng": "121.510506", "show_for_player": "1", "name": "\u7476\u7476"}, {"status": "3", "money_rank": 2, "tel": "12345678", "description": "\u81f3\u4e0a\u52b1\u5408\u7ec4\u5408\u6210\u5458\uff0c\u82b1\u7f8e\u7537\u7684\u5916\u5f62\u517c\u5177\u5e05\u6c14\u3001\u9633\u5149\u7684\u90bb\u5bb6\u5927\u7537\u5b69\u6c14\u8d28\uff0c\u5f71\u89c6\u6b4c\u5168\u6816\u827a\u4eba\u3002\u80fd\u641e\u7b11\u3001\u6562\u5356\u840c\u3001\u7231\u800d\u5b9d\uff0c\u7f51\u7edc\u65f6\u4ee3\u5a31\u4e50\u65b0\u76df\u4e3b\u3002", "tudou": "0", "zbid": "334", "playerid": "334", "money": "400", "zburl": "http://zb.youku.com/live/zone/yPssFS8ZTh8.html", "jail_time": "0", "show_for_user": "1", "room_id": "468", "avatar": "http://g1.ykimg.com/0B810000572AE2D5001ADC116400184E", "lat": "31.235555", "role": "1", "lng": "121.510506", "show_for_player": "1", "name": "\u5218\u6d32\u6210"}, {"status": "1", "money_rank": 14, "tel": "12345678", "description": "\u51fa\u9053\u524d\u505a\u4e86\u516b\u5e74\u7684\u4e13\u4e1a\u5065\u8eab\u6559\u7ec3\uff0c\u662f\u4e2d\u56fd\u56fd\u5bb6\u7530\u5f84\u767e\u7c73\u4e8c\u7ea7\u8fd0\u52a8\u5458\uff0c\u56fd\u5bb6\u7bee\u7403\u4e00\u7ea7\u8fd0\u52a8\u5458\uff0c\u5065\u7f8e\u56fd\u5bb6\u7ea7\u5065\u5c06\u30022006\u5e74\u83b7\u5168\u56fd\u5065\u8eab\u5148\u751f\u51a0\u519b\u3001\u5168\u56fd\u4f53\u80b2\u6a21\u7279\u51a0\u519b\u3002\u5168\u56fd\u5065\u8eab\u5148\u751f\u5b63\u519b\u30022009\u5e74\u65f6\u5c1a\u5065\u5eb7COOl GUY\u5927\u8d5b\u4e2d\u56fd\u533a\u51a0\u519b\uff0c\u9996\u4f4d\u767b\u4e0a\u300aMen's Health\u65f6\u5c1a\u5065\u5eb7\u300b\u6742\u5fd7\u5c01\u9762\u7684\u660e\u661f\u6559\u7ec3\uff0c\u73b0\u5728\u5df2\u5f00\u59cb\u8d70\u5411\u5f71\u89c6\u5267\u53d1\u5c55\u3002", "tudou": "0", "zbid": "337", "playerid": "337", "money": "0", "zburl": "http://zb.youku.com/live/zone/ZLVDbMy5Pd4.html", "jail_time": "0", "rank": 13, "show_for_user": "1", "role": "1", "avatar": "http://g1.ykimg.com/0B810000572AE25E000C521164001735", "lat": "31.235555", "room_id": "477", "lng": "121.510506", "show_for_player": "1", "name": "\u987e\u53c8\u94ed"}, {"status": "1", "money_rank": 15, "tel": "12345678", "description": "\u5fae\u535a\u7ea2\u4eba\uff0c\u5979\u662f\u7f51\u7edc\u7ea2\u4eba\u4e2d\u7684\u7efc\u827a\u5496\uff0c\u4ece\u6b6a\u8138\u3001\u9f87\u7259\u3001\u77aa\u773c\u3001\u7a81\u51fa\u53cc\u4e0b\u5df4\u7684\u5bf9\u5634\u914d\u97f3\uff0c\u5230\u4e0a\u8857\u968f\u4fbf\u62c9\u8d77\u4e00\u8def\u4eba\u7532\u5c31\u5f00\u59cb\u55e8\u2026\u2026\u5979\u53d1\u5e03\u7684\u641e\u7b11\u89c6\u9891\u6bcf\u6761\u90fd\u6709\u9ad8\u70ed\u5ea6\u3002\u81ea\u5a92\u4f53\u6210\u529f\u7ecf\u8425\u8005\u3002", "tudou": "0", "zbid": "336", "playerid": "336", "money": "0", "zburl": "http://zb.youku.com/live/zone/mrxhbFtu0DM.html", "jail_time": "0", "rank": 14, "show_for_user": "1", "room_id": "474", "avatar": "http://g1.ykimg.com/0B810000572AE2E400018811640000FB", "lat": "31.26608", "role": "1", "lng": "121.443901", "show_for_player": "1", "name": "\u7a46\u96c5\u6593"}, {"status": "1", "money_rank": 1, "tel": "13085288607", "description": "WCG\u9b54\u517d\u4e16\u754c\u603b\u51a0\u519b\u3001\u4e00\u4e2a\u4ece\u4e0d\u653e\u5f03\u68a6\u60f3\u7684\u5927\u7537\u5b69\u8ba9\u5168\u4e16\u754c\u90fd\u8bb0\u4e0b\u4e86\u4ed6\u7684\u540d\u5b57---WE.IGE.SKY\u3002 \u6709\u4ed6\u4eec\uff0c\u624d\u6709\u6c5f\u6e56\u3002\u6709\u4ed6\u4eec\uff0c\u624d\u6709\u6e38\u620f\u3002\u4ed6\u662fSky\uff0c\u7b2c\u4e00\u6b21\u8ba9\u4e94\u661f\u7ea2\u65d7\u98d8\u626c\u5728\u5168\u7403\u7535\u5b50\u7ade\u6280\u7684\u6700\u9ad8\u5cf0\u7684\u7535\u7ade\u9009\u624b\uff0c\u662f\u7535\u7ade\u68a6\u5e74\u8f7b\u4eba\u7684\u5076\u50cf\u3002 \u4e2d\u56fd\u7535\u5b50\u7ade\u6280\u98de\u8dc3\u5f0f\u7684\u91cc\u7a0b\u7891\uff0c\u9b54\u517d\u201c\u4eba\u7687\u201dSky", "tudou": "100", "zbid": "333", "playerid": "333", "money": "11600", "zburl": "http://zb.youku.com/live/zone/VEArudsDlHs.html", "jail_time": "2", "rank": 1, "show_for_user": "1", "role": "1", "avatar": "http://g1.ykimg.com/0B810000572AE22D001E8111640023E1", "lat": "31.235555", "room_id": "465", "lng": "121.510506", "show_for_player": "1", "name": "Sky"}, {"status": "1", "money_rank": 7, "tel": "12345678", "name": "\u9648\u5e0c\u90e1", "tudou": "0", "zbid": "344", "playerid": "344", "money": "0", "zburl": "http://zb.youku.com/live/zone/0i5BhFQHMwA.html", "jail_time": "0", "rank": 6, "show_for_user": "1", "role": "1", "avatar": "http://g1.ykimg.com/0B810000572AE24A001A911164001225", "lat": "30.123", "room_id": "498", "lng": "120.123", "show_for_player": "1", "description": "\u51ed\u501f\u5531\u5427\u8f6f\u4ef6\u7ffb\u5531\u5176\u4ed6\u6b4c\u624b\u4f5c\u54c1\u800c\u83b7\u5f97\u5173\u6ce8\u3002\u53c2\u52a0\u300a\u4e2d\u56fd\u68a6\u4e4b\u58f0\u300b\u8d70\u8fdb\u5927\u4f17\u89c6\u91ce\uff0c\u53c2\u6f14\u4f17\u591a\u9752\u5e74\u5076\u50cf\u5267\u3002\u88ab\u79f0\u4e3a\u675c\u6df3\u5931\u6563\u591a\u5e74\u7684\u5144\u5f1f\uff0c\u957f\u76f8\u53ca\u5176\u76f8\u4f3c"}, {"status": "1", "money_rank": 6, "tel": "12345678", "name": "\u6d69\u4ea6", "tudou": "0", "zbid": "345", "playerid": "345", "money": "0", "zburl": "http://zb.youku.com/live/zone/zyxeSq4cwV8.html", "jail_time": "0", "rank": 5, "show_for_user": "1", "role": "1", "avatar": "http://g1.ykimg.com/0B810000572AE317001A2F1164001465", "lat": "30.123", "room_id": "501", "lng": "120.123", "show_for_player": "1", "description": "\u5c0f\u9c9c\u8089 \u5531\u5427\u7ea2\u4eba"}, {"status": "1", "money_rank": 5, "tel": "12345678", "description": "Neotv(\u6e38\u620f\u7ade\u6280\u7c7b\uff09\u4e3b\u6301\u4eba", "tudou": "0", "zbid": "346", "playerid": "346", "money": "0", "zburl": "http://zb.youku.com/live/zone/sdwI1jtma58.html", "jail_time": "0", "rank": 4, "show_for_user": "1", "role": "1", "avatar": "http://g1.ykimg.com/0B810000572C15020016C61164000625", "lat": "31.344254", "room_id": "504", "lng": "121.268463", "show_for_player": "1", "name": "WAWA"}, {"status": "1", "money_rank": 4, "tel": "12345678", "name": "\u5de7\u514b\u529b\uff08KRIS\uff09", "tudou": "0", "zbid": "347", "playerid": "347", "money": "0", "zburl": "http://zb.youku.com/live/zone/kkaR7rNNhgw.html", "jail_time": "0", "rank": 3, "show_for_user": "1", "room_id": "507", "avatar": "http://g1.ykimg.com/0B810000572AE37900075C11640011ED", "lat": "30.123", "role": "1", "lng": "120.123", "show_for_player": "1", "description": "\u6620\u5ba2\u7f8e\u5973\u76f4\u64ad\u7f51\u7ea2"}, {"status": "1", "money_rank": 11, "tel": "12345678", "description": "\u7b2c\u4e8c\u5b63\u5947\u8469\u8bf4\u9009\u624b \u901a\u544a\u827a\u4eba \u53e3\u624d\u4f73", "tudou": "0", "zbid": "340", "playerid": "340", "money": "0", "zburl": "http://zb.youku.com/live/zone/-tQUzwgBACI.html", "jail_time": "0", "rank": 10, "show_for_user": "1", "room_id": "486", "avatar": "http://g1.ykimg.com/0B810000572AE35100003A1164001DE1", "lat": "30.123", "role": "1", "lng": "120.123", "show_for_player": "1", "name": "\u738b\u6fdb"}, {"status": "1", "money_rank": 10, "tel": "12345678", "name": "\u679c\u513fVictoria", "tudou": "0", "zbid": "341", "playerid": "341", "money": "0", "zburl": "http://zb.youku.com/live/zone/6Ve_3-B6MWA.html", "jail_time": "0", "rank": 9, "show_for_user": "1", "room_id": "489", "avatar": "http://g1.ykimg.com/0B810000572AE32B0018B011640026C5", "lat": "30.123", "role": "1", "lng": "120.123", "show_for_player": "1", "description": "\u7f51\u7edc\u7ea2\u4eba\u3001\u6c14\u8d28\u9a84\u4eba\uff0c\u62e5\u6709\u5b8c\u7f8e\u4e09\u56f4\u7684\u82b1\u6912\u5973\u4e3b\u64ad"}, {"status": "1", "money_rank": 9, "tel": "12345678", "description": "\u5468\u516d\u5f3a\u5468\u65e5\u8f6e\uff0c\u5373\u57fa\u8f6e\u3002\u8457\u540d\u7684\u6e38\u620f\u89c6\u9891\u5236\u4f5c\u4eba\uff0c\u6e38\u620f\u89e3\u8bf4\u5458\uff0c\u6e38\u620f\u98ce\u4e91\u7535\u89c6\u53f0\u4e3b\u6301\u4eba\u3002CSOL\u754c\u6700\u5177\u5f71\u54cd\u529b\u4eba\u7269\u4e4b\u4e00\uff0cFPS\u6e38\u620f\u72c2\u70ed\u8005\uff0c\u4f18\u9177\u6e38\u620f\u539f\u521b\u8fbe\u4eba\uff0c\u4f18\u9177\u6e38\u620f\u8fbe\u4eba\u3002\u4ee3\u8868\u4f5c\u6709\u300aCSOL\u5168\u4e16\u754c\u4e00\u65e5\u6e38\u300b\u7b49", "tudou": "0", "zbid": "342", "playerid": "342", "money": "0", "zburl": "http://zb.youku.com/live/zone/RWl1TjIQ89g.html", "jail_time": "0", "rank": 8, "show_for_user": "1", "role": "1", "avatar": "http://g1.ykimg.com/0B810000572AE2B6000C7E1164002687", "lat": "30.123", "room_id": "492", "lng": "120.123", "show_for_player": "1", "name": "\u57fa\u8f6e"}, {"status": "1", "money_rank": 8, "tel": "12345678", "name": "\u6e29\u99a8", "tudou": "0", "zbid": "343", "playerid": "343", "money": "0", "zburl": "http://zb.youku.com/live/zone/WbcCJAN5dQ0.html", "jail_time": "0", "rank": 7, "show_for_user": "1", "role": "1", "avatar": "http://g1.ykimg.com/0B810000572AE30A000D9811640002FA", "lat": "30.123", "room_id": "495", "lng": "120.123", "show_for_player": "1", "description": "\u9f99\u73e0\u4e3b\u64ad"}, {"status": "1", "money_rank": 3, "tel": "12345678", "name": "\u5f20\u742a\u683c", "tudou": "0", "zbid": "348", "playerid": "348", "money": "0", "zburl": "http://zb.youku.com/live/zone/HhgCI_8dfkw.html", "jail_time": "0", "rank": 2, "show_for_user": "1", "room_id": "508", "avatar": "http://g1.ykimg.com/0B810000572AE3690008DC1164000A31", "lat": "30.123", "role": "1", "lng": "120.123", "show_for_player": "1", "description": "\u6597\u9c7ctop\u4e3b\u64ad"}]}

2016/05/06-14:33:18 >> priority: DEBUG >> com.maxtop.walker.service.impl.HttpClientServiceImpl.executePostService(HttpClientServiceImpl.java:118) >> <html>
<head><title>504 Gateway Time-out</title></head>
<body bgcolor="white">
<center><h1>504 Gateway Time-out</h1></center>
<hr><center>openresty/1.7.7.2</center>
</body>
</html>

2016/05/06-14:33:18 >> priority:  WARN >> org.springframework.context.support.AbstractApplicationContext.refresh(AbstractApplicationContext.java:487) >> Exception encountered during context initialization - cancelling refresh attempt
org.springframework.beans.factory.BeanCreationException: Error creating bean with name 'playerItemRepository': Injection of autowired dependencies failed; nested exception is org.springframework.beans.factory.BeanCreationException: Could not autowire field: private com.maxtop.walker.service.PlayerItemService com.maxtop.walker.cache.PlayerItemRepository.playerItemService; nested exception is org.springframework.beans.factory.BeanCreationException: Error creating bean with name 'playerItemServiceImpl': Injection of autowired dependencies failed; nested exception is org.springframework.beans.factory.BeanCreationException: Could not autowire field: private com.maxtop.walker.cache.PlayerRepository com.maxtop.walker.service.impl.PlayerItemServiceImpl.playerRepository; nested exception is org.springframework.beans.factory.BeanCreationException: Error creating bean with name 'playerRepository' defined in file [/var/tomcat/tomcat6/webapps/walker/WEB-INF/classes/com/maxtop/walker/cache/PlayerRepository.class]: Invocation of init method failed; nested exception is com.google.gson.JsonSyntaxException: com.google.gson.stream.MalformedJsonException: Expected EOF at line 2 column 1
	at org.springframework.beans.factory.annotation.AutowiredAnnotationBeanPostProcessor.postProcessPropertyValues(AutowiredAnnotationBeanPostProcessor.java:334)
	at org.springframework.beans.factory.support.AbstractAutowireCapableBeanFactory.populateBean(AbstractAutowireCapableBeanFactory.java:1210)
	at org.springframework.beans.factory.support.AbstractAutowireCapableBeanFactory.doCreateBean(AbstractAutowireCapableBeanFactory.java:537)
	at org.springframework.beans.factory.support.AbstractAutowireCapableBeanFactory.createBean(AbstractAutowireCapableBeanFactory.java:476)
	at org.springframework.beans.factory.support.AbstractBeanFactory$1.getObject(AbstractBeanFactory.java:303)
	at org.springframework.beans.factory.support.DefaultSingletonBeanRegistry.getSingleton(DefaultSingletonBeanRegistry.java:230)
	at org.springframework.beans.factory.support.AbstractBeanFactory.doGetBean(AbstractBeanFactory.java:299)
	at org.springframework.beans.factory.support.AbstractBeanFactory.getBean(AbstractBeanFactory.java:194)
	at org.springframework.beans.factory.support.DefaultListableBeanFactory.preInstantiateSingletons(DefaultListableBeanFactory.java:755)
	at org.springframework.context.support.AbstractApplicationContext.finishBeanFactoryInitialization(AbstractApplicationContext.java:757)
	at org.springframework.context.support.AbstractApplicationContext.refresh(AbstractApplicationContext.java:480)
	at org.springframework.web.context.ContextLoader.configureAndRefreshWebApplicationContext(ContextLoader.java:403)
	at org.springframework.web.context.ContextLoader.initWebApplicationContext(ContextLoader.java:306)
	at org.springframework.web.context.ContextLoaderListener.contextInitialized(ContextLoaderListener.java:106)
	at org.apache.catalina.core.StandardContext.listenerStart(StandardContext.java:4210)
	at org.apache.catalina.core.StandardContext.start(StandardContext.java:4709)
	at org.apache.catalina.core.ContainerBase.addChildInternal(ContainerBase.java:799)
	at org.apache.catalina.core.ContainerBase.addChild(ContainerBase.java:779)
	at org.apache.catalina.core.StandardHost.addChild(StandardHost.java:583)
	at org.apache.catalina.startup.HostConfig.deployWAR(HostConfig.java:943)
	at org.apache.catalina.startup.HostConfig.deployWARs(HostConfig.java:778)
	at org.apache.catalina.startup.HostConfig.deployApps(HostConfig.java:504)
	at org.apache.catalina.startup.HostConfig.start(HostConfig.java:1317)
	at org.apache.catalina.startup.HostConfig.lifecycleEvent(HostConfig.java:324)
	at org.apache.catalina.util.LifecycleSupport.fireLifecycleEvent(LifecycleSupport.java:142)
	at org.apache.catalina.core.ContainerBase.start(ContainerBase.java:1065)
	at org.apache.catalina.core.StandardHost.start(StandardHost.java:822)
	at org.apache.catalina.core.ContainerBase.start(ContainerBase.java:1057)
	at org.apache.catalina.core.StandardEngine.start(StandardEngine.java:463)
	at org.apache.catalina.core.StandardService.start(StandardService.java:525)
	at org.apache.catalina.core.StandardServer.start(StandardServer.java:754)
	at org.apache.catalina.startup.Catalina.start(Catalina.java:595)
	at sun.reflect.NativeMethodAccessorImpl.invoke0(Native Method)
	at sun.reflect.NativeMethodAccessorImpl.invoke(NativeMethodAccessorImpl.java:57)
	at sun.reflect.DelegatingMethodAccessorImpl.invoke(DelegatingMethodAccessorImpl.java:43)
	at java.lang.reflect.Method.invoke(Method.java:606)
	at org.apache.catalina.startup.Bootstrap.start(Bootstrap.java:289)
	at org.apache.catalina.startup.Bootstrap.main(Bootstrap.java:414)
Caused by: org.springframework.beans.factory.BeanCreationException: Could not autowire field: private com.maxtop.walker.service.PlayerItemService com.maxtop.walker.cache.PlayerItemRepository.playerItemService; nested exception is org.springframework.beans.factory.BeanCreationException: Error creating bean with name 'playerItemServiceImpl': Injection of autowired dependencies failed; nested exception is org.springframework.beans.factory.BeanCreationException: Could not autowire field: private com.maxtop.walker.cache.PlayerRepository com.maxtop.walker.service.impl.PlayerItemServiceImpl.playerRepository; nested exception is org.springframework.beans.factory.BeanCreationException: Error creating bean with name 'playerRepository' defined in file [/var/tomcat/tomcat6/webapps/walker/WEB-INF/classes/com/maxtop/walker/cache/PlayerRepository.class]: Invocation of init method failed; nested exception is com.google.gson.JsonSyntaxException: com.google.gson.stream.MalformedJsonException: Expected EOF at line 2 column 1
	at org.springframework.beans.factory.annotation.AutowiredAnnotationBeanPostProcessor$AutowiredFieldElement.inject(AutowiredAnnotationBeanPostProcessor.java:561)
	at org.springframework.beans.factory.annotation.InjectionMetadata.inject(InjectionMetadata.java:88)
	at org.springframework.beans.factory.annotation.AutowiredAnnotationBeanPostProcessor.postProcessPropertyValues(AutowiredAnnotationBeanPostProcessor.java:331)
	... 37 more
Caused by: org.springframework.beans.factory.BeanCreationException: Error creating bean with name 'playerItemServiceImpl': Injection of autowired dependencies failed; nested exception is org.springframework.beans.factory.BeanCreationException: Could not autowire field: private com.maxtop.walker.cache.PlayerRepository com.maxtop.walker.service.impl.PlayerItemServiceImpl.playerRepository; nested exception is org.springframework.beans.factory.BeanCreationException: Error creating bean with name 'playerRepository' defined in file [/var/tomcat/tomcat6/webapps/walker/WEB-INF/classes/com/maxtop/walker/cache/PlayerRepository.class]: Invocation of init method failed; nested exception is com.google.gson.JsonSyntaxException: com.google.gson.stream.MalformedJsonException: Expected EOF at line 2 column 1
	at org.springframework.beans.factory.annotation.AutowiredAnnotationBeanPostProcessor.postProcessPropertyValues(AutowiredAnnotationBeanPostProcessor.java:334)
	at org.springframework.beans.factory.support.AbstractAutowireCapableBeanFactory.populateBean(AbstractAutowireCapableBeanFactory.java:1210)
	at org.springframework.beans.factory.support.AbstractAutowireCapableBeanFactory.doCreateBean(AbstractAutowireCapableBeanFactory.java:537)
	at org.springframework.beans.factory.support.AbstractAutowireCapableBeanFactory.createBean(AbstractAutowireCapableBeanFactory.java:476)
	at org.springframework.beans.factory.support.AbstractBeanFactory$1.getObject(AbstractBeanFactory.java:303)
	at org.springframework.beans.factory.support.DefaultSingletonBeanRegistry.getSingleton(DefaultSingletonBeanRegistry.java:230)
	at org.springframework.beans.factory.support.AbstractBeanFactory.doGetBean(AbstractBeanFactory.java:299)
	at org.springframework.beans.factory.support.AbstractBeanFactory.getBean(AbstractBeanFactory.java:194)
	at org.springframework.beans.factory.support.DefaultListableBeanFactory.findAutowireCandidates(DefaultListableBeanFactory.java:1120)
	at org.springframework.beans.factory.support.DefaultListableBeanFactory.doResolveDependency(DefaultListableBeanFactory.java:1044)
	at org.springframework.beans.factory.support.DefaultListableBeanFactory.resolveDependency(DefaultListableBeanFactory.java:942)
	at org.springframework.beans.factory.annotation.AutowiredAnnotationBeanPostProcessor$AutowiredFieldElement.inject(AutowiredAnnotationBeanPostProcessor.java:533)
	... 39 more
Caused by: org.springframework.beans.factory.BeanCreationException: Could not autowire field: private com.maxtop.walker.cache.PlayerRepository com.maxtop.walker.service.impl.PlayerItemServiceImpl.playerRepository; nested exception is org.springframework.beans.factory.BeanCreationException: Error creating bean with name 'playerRepository' defined in file [/var/tomcat/tomcat6/webapps/walker/WEB-INF/classes/com/maxtop/walker/cache/PlayerRepository.class]: Invocation of init method failed; nested exception is com.google.gson.JsonSyntaxException: com.google.gson.stream.MalformedJsonException: Expected EOF at line 2 column 1
	at org.springframework.beans.factory.annotation.AutowiredAnnotationBeanPostProcessor$AutowiredFieldElement.inject(AutowiredAnnotationBeanPostProcessor.java:561)
	at org.springframework.beans.factory.annotation.InjectionMetadata.inject(InjectionMetadata.java:88)
	at org.springframework.beans.factory.annotation.AutowiredAnnotationBeanPostProcessor.postProcessPropertyValues(AutowiredAnnotationBeanPostProcessor.java:331)
	... 50 more
Caused by: org.springframework.beans.factory.BeanCreationException: Error creating bean with name 'playerRepository' defined in file [/var/tomcat/tomcat6/webapps/walker/WEB-INF/classes/com/maxtop/walker/cache/PlayerRepository.class]: Invocation of init method failed; nested exception is com.google.gson.JsonSyntaxException: com.google.gson.stream.MalformedJsonException: Expected EOF at line 2 column 1
	at org.springframework.beans.factory.support.AbstractAutowireCapableBeanFactory.initializeBean(AbstractAutowireCapableBeanFactory.java:1574)
	at org.springframework.beans.factory.support.AbstractAutowireCapableBeanFactory.doCreateBean(AbstractAutowireCapableBeanFactory.java:539)
	at org.springframework.beans.factory.support.AbstractAutowireCapableBeanFactory.createBean(AbstractAutowireCapableBeanFactory.java:476)
	at org.springframework.beans.factory.support.AbstractBeanFactory$1.getObject(AbstractBeanFactory.java:303)
	at org.springframework.beans.factory.support.DefaultSingletonBeanRegistry.getSingleton(DefaultSingletonBeanRegistry.java:230)
	at org.springframework.beans.factory.support.AbstractBeanFactory.doGetBean(AbstractBeanFactory.java:299)
	at org.springframework.beans.factory.support.AbstractBeanFactory.getBean(AbstractBeanFactory.java:194)
	at org.springframework.beans.factory.support.DefaultListableBeanFactory.findAutowireCandidates(DefaultListableBeanFactory.java:1120)
	at org.springframework.beans.factory.support.DefaultListableBeanFactory.doResolveDependency(DefaultListableBeanFactory.java:1044)
	at org.springframework.beans.factory.support.DefaultListableBeanFactory.resolveDependency(DefaultListableBeanFactory.java:942)
	at org.springframework.beans.factory.annotation.AutowiredAnnotationBeanPostProcessor$AutowiredFieldElement.inject(AutowiredAnnotationBeanPostProcessor.java:533)
	... 52 more
Caused by: com.google.gson.JsonSyntaxException: com.google.gson.stream.MalformedJsonException: Expected EOF at line 2 column 1
	at com.google.gson.Gson.assertFullConsumption(Gson.java:772)
	at com.google.gson.Gson.fromJson(Gson.java:762)
	at com.google.gson.Gson.fromJson(Gson.java:710)
	at com.google.gson.Gson.fromJson(Gson.java:682)
	at com.maxtop.walker.service.impl.HttpClientServiceImpl.executePostService(HttpClientServiceImpl.java:119)
	at com.maxtop.walker.service.impl.PlayerServiceImpl.getPlayerAudienceCount(PlayerServiceImpl.java:105)
	at com.maxtop.walker.service.impl.PlayerServiceImpl.list(PlayerServiceImpl.java:96)
	at com.maxtop.walker.cache.PlayerRepository.refresh(PlayerRepository.java:34)
	at com.maxtop.walker.cache.PlayerRepository.afterPropertiesSet(PlayerRepository.java:78)
	at org.springframework.beans.factory.support.AbstractAutowireCapableBeanFactory.invokeInitMethods(AbstractAutowireCapableBeanFactory.java:1633)
	at org.springframework.beans.factory.support.AbstractAutowireCapableBeanFactory.initializeBean(AbstractAutowireCapableBeanFactory.java:1570)
	... 62 more
Caused by: com.google.gson.stream.MalformedJsonException: Expected EOF at line 2 column 1
	at com.google.gson.stream.JsonReader.syntaxError(JsonReader.java:1310)
	at com.google.gson.stream.JsonReader.peek(JsonReader.java:390)
	at com.google.gson.Gson.assertFullConsumption(Gson.java:768)
	... 72 more
2016/05/06-14:33:18 >> priority: ERROR >> org.springframework.web.context.ContextLoader.initWebApplicationContext(ContextLoader.java:331) >> Context initialization failed
org.springframework.beans.factory.BeanCreationException: Error creating bean with name 'playerItemRepository': Injection of autowired dependencies failed; nested exception is org.springframework.beans.factory.BeanCreationException: Could not autowire field: private com.maxtop.walker.service.PlayerItemService com.maxtop.walker.cache.PlayerItemRepository.playerItemService; nested exception is org.springframework.beans.factory.BeanCreationException: Error creating bean with name 'playerItemServiceImpl': Injection of autowired dependencies failed; nested exception is org.springframework.beans.factory.BeanCreationException: Could not autowire field: private com.maxtop.walker.cache.PlayerRepository com.maxtop.walker.service.impl.PlayerItemServiceImpl.playerRepository; nested exception is org.springframework.beans.factory.BeanCreationException: Error creating bean with name 'playerRepository' defined in file [/var/tomcat/tomcat6/webapps/walker/WEB-INF/classes/com/maxtop/walker/cache/PlayerRepository.class]: Invocation of init method failed; nested exception is com.google.gson.JsonSyntaxException: com.google.gson.stream.MalformedJsonException: Expected EOF at line 2 column 1
	at org.springframework.beans.factory.annotation.AutowiredAnnotationBeanPostProcessor.postProcessPropertyValues(AutowiredAnnotationBeanPostProcessor.java:334)
	at org.springframework.beans.factory.support.AbstractAutowireCapableBeanFactory.populateBean(AbstractAutowireCapableBeanFactory.java:1210)
	at org.springframework.beans.factory.support.AbstractAutowireCapableBeanFactory.doCreateBean(AbstractAutowireCapableBeanFactory.java:537)
	at org.springframework.beans.factory.support.AbstractAutowireCapableBeanFactory.createBean(AbstractAutowireCapableBeanFactory.java:476)
	at org.springframework.beans.factory.support.AbstractBeanFactory$1.getObject(AbstractBeanFactory.java:303)
	at org.springframework.beans.factory.support.DefaultSingletonBeanRegistry.getSingleton(DefaultSingletonBeanRegistry.java:230)
	at org.springframework.beans.factory.support.AbstractBeanFactory.doGetBean(AbstractBeanFactory.java:299)
	at org.springframework.beans.factory.support.AbstractBeanFactory.getBean(AbstractBeanFactory.java:194)
	at org.springframework.beans.factory.support.DefaultListableBeanFactory.preInstantiateSingletons(DefaultListableBeanFactory.java:755)
	at org.springframework.context.support.AbstractApplicationContext.finishBeanFactoryInitialization(AbstractApplicationContext.java:757)
	at org.springframework.context.support.AbstractApplicationContext.refresh(AbstractApplicationContext.java:480)
	at org.springframework.web.context.ContextLoader.configureAndRefreshWebApplicationContext(ContextLoader.java:403)
	at org.springframework.web.context.ContextLoader.initWebApplicationContext(ContextLoader.java:306)
	at org.springframework.web.context.ContextLoaderListener.contextInitialized(ContextLoaderListener.java:106)
	at org.apache.catalina.core.StandardContext.listenerStart(StandardContext.java:4210)
	at org.apache.catalina.core.StandardContext.start(StandardContext.java:4709)
	at org.apache.catalina.core.ContainerBase.addChildInternal(ContainerBase.java:799)
	at org.apache.catalina.core.ContainerBase.addChild(ContainerBase.java:779)
	at org.apache.catalina.core.StandardHost.addChild(StandardHost.java:583)
	at org.apache.catalina.startup.HostConfig.deployWAR(HostConfig.java:943)
	at org.apache.catalina.startup.HostConfig.deployWARs(HostConfig.java:778)
	at org.apache.catalina.startup.HostConfig.deployApps(HostConfig.java:504)
	at org.apache.catalina.startup.HostConfig.start(HostConfig.java:1317)
	at org.apache.catalina.startup.HostConfig.lifecycleEvent(HostConfig.java:324)
	at org.apache.catalina.util.LifecycleSupport.fireLifecycleEvent(LifecycleSupport.java:142)
	at org.apache.catalina.core.ContainerBase.start(ContainerBase.java:1065)
	at org.apache.catalina.core.StandardHost.start(StandardHost.java:822)
	at org.apache.catalina.core.ContainerBase.start(ContainerBase.java:1057)
	at org.apache.catalina.core.StandardEngine.start(StandardEngine.java:463)
	at org.apache.catalina.core.StandardService.start(StandardService.java:525)
	at org.apache.catalina.core.StandardServer.start(StandardServer.java:754)
	at org.apache.catalina.startup.Catalina.start(Catalina.java:595)
	at sun.reflect.NativeMethodAccessorImpl.invoke0(Native Method)
	at sun.reflect.NativeMethodAccessorImpl.invoke(NativeMethodAccessorImpl.java:57)
	at sun.reflect.DelegatingMethodAccessorImpl.invoke(DelegatingMethodAccessorImpl.java:43)
	at java.lang.reflect.Method.invoke(Method.java:606)
	at org.apache.catalina.startup.Bootstrap.start(Bootstrap.java:289)
	at org.apache.catalina.startup.Bootstrap.main(Bootstrap.java:414)
Caused by: org.springframework.beans.factory.BeanCreationException: Could not autowire field: private com.maxtop.walker.service.PlayerItemService com.maxtop.walker.cache.PlayerItemRepository.playerItemService; nested exception is org.springframework.beans.factory.BeanCreationException: Error creating bean with name 'playerItemServiceImpl': Injection of autowired dependencies failed; nested exception is org.springframework.beans.factory.BeanCreationException: Could not autowire field: private com.maxtop.walker.cache.PlayerRepository com.maxtop.walker.service.impl.PlayerItemServiceImpl.playerRepository; nested exception is org.springframework.beans.factory.BeanCreationException: Error creating bean with name 'playerRepository' defined in file [/var/tomcat/tomcat6/webapps/walker/WEB-INF/classes/com/maxtop/walker/cache/PlayerRepository.class]: Invocation of init method failed; nested exception is com.google.gson.JsonSyntaxException: com.google.gson.stream.MalformedJsonException: Expected EOF at line 2 column 1
	at org.springframework.beans.factory.annotation.AutowiredAnnotationBeanPostProcessor$AutowiredFieldElement.inject(AutowiredAnnotationBeanPostProcessor.java:561)
	at org.springframework.beans.factory.annotation.InjectionMetadata.inject(InjectionMetadata.java:88)
	at org.springframework.beans.factory.annotation.AutowiredAnnotationBeanPostProcessor.postProcessPropertyValues(AutowiredAnnotationBeanPostProcessor.java:331)
	... 37 more
Caused by: org.springframework.beans.factory.BeanCreationException: Error creating bean with name 'playerItemServiceImpl': Injection of autowired dependencies failed; nested exception is org.springframework.beans.factory.BeanCreationException: Could not autowire field: private com.maxtop.walker.cache.PlayerRepository com.maxtop.walker.service.impl.PlayerItemServiceImpl.playerRepository; nested exception is org.springframework.beans.factory.BeanCreationException: Error creating bean with name 'playerRepository' defined in file [/var/tomcat/tomcat6/webapps/walker/WEB-INF/classes/com/maxtop/walker/cache/PlayerRepository.class]: Invocation of init method failed; nested exception is com.google.gson.JsonSyntaxException: com.google.gson.stream.MalformedJsonException: Expected EOF at line 2 column 1
	at org.springframework.beans.factory.annotation.AutowiredAnnotationBeanPostProcessor.postProcessPropertyValues(AutowiredAnnotationBeanPostProcessor.java:334)
	at org.springframework.beans.factory.support.AbstractAutowireCapableBeanFactory.populateBean(AbstractAutowireCapableBeanFactory.java:1210)
	at org.springframework.beans.factory.support.AbstractAutowireCapableBeanFactory.doCreateBean(AbstractAutowireCapableBeanFactory.java:537)
	at org.springframework.beans.factory.support.AbstractAutowireCapableBeanFactory.createBean(AbstractAutowireCapableBeanFactory.java:476)
	at org.springframework.beans.factory.support.AbstractBeanFactory$1.getObject(AbstractBeanFactory.java:303)
	at org.springframework.beans.factory.support.DefaultSingletonBeanRegistry.getSingleton(DefaultSingletonBeanRegistry.java:230)
	at org.springframework.beans.factory.support.AbstractBeanFactory.doGetBean(AbstractBeanFactory.java:299)
	at org.springframework.beans.factory.support.AbstractBeanFactory.getBean(AbstractBeanFactory.java:194)
	at org.springframework.beans.factory.support.DefaultListableBeanFactory.findAutowireCandidates(DefaultListableBeanFactory.java:1120)
	at org.springframework.beans.factory.support.DefaultListableBeanFactory.doResolveDependency(DefaultListableBeanFactory.java:1044)
	at org.springframework.beans.factory.support.DefaultListableBeanFactory.resolveDependency(DefaultListableBeanFactory.java:942)
	at org.springframework.beans.factory.annotation.AutowiredAnnotationBeanPostProcessor$AutowiredFieldElement.inject(AutowiredAnnotationBeanPostProcessor.java:533)
	... 39 more
Caused by: org.springframework.beans.factory.BeanCreationException: Could not autowire field: private com.maxtop.walker.cache.PlayerRepository com.maxtop.walker.service.impl.PlayerItemServiceImpl.playerRepository; nested exception is org.springframework.beans.factory.BeanCreationException: Error creating bean with name 'playerRepository' defined in file [/var/tomcat/tomcat6/webapps/walker/WEB-INF/classes/com/maxtop/walker/cache/PlayerRepository.class]: Invocation of init method failed; nested exception is com.google.gson.JsonSyntaxException: com.google.gson.stream.MalformedJsonException: Expected EOF at line 2 column 1
	at org.springframework.beans.factory.annotation.AutowiredAnnotationBeanPostProcessor$AutowiredFieldElement.inject(AutowiredAnnotationBeanPostProcessor.java:561)
	at org.springframework.beans.factory.annotation.InjectionMetadata.inject(InjectionMetadata.java:88)
	at org.springframework.beans.factory.annotation.AutowiredAnnotationBeanPostProcessor.postProcessPropertyValues(AutowiredAnnotationBeanPostProcessor.java:331)
	... 50 more
Caused by: org.springframework.beans.factory.BeanCreationException: Error creating bean with name 'playerRepository' defined in file [/var/tomcat/tomcat6/webapps/walker/WEB-INF/classes/com/maxtop/walker/cache/PlayerRepository.class]: Invocation of init method failed; nested exception is com.google.gson.JsonSyntaxException: com.google.gson.stream.MalformedJsonException: Expected EOF at line 2 column 1
	at org.springframework.beans.factory.support.AbstractAutowireCapableBeanFactory.initializeBean(AbstractAutowireCapableBeanFactory.java:1574)
	at org.springframework.beans.factory.support.AbstractAutowireCapableBeanFactory.doCreateBean(AbstractAutowireCapableBeanFactory.java:539)
	at org.springframework.beans.factory.support.AbstractAutowireCapableBeanFactory.createBean(AbstractAutowireCapableBeanFactory.java:476)
	at org.springframework.beans.factory.support.AbstractBeanFactory$1.getObject(AbstractBeanFactory.java:303)
	at org.springframework.beans.factory.support.DefaultSingletonBeanRegistry.getSingleton(DefaultSingletonBeanRegistry.java:230)
	at org.springframework.beans.factory.support.AbstractBeanFactory.doGetBean(AbstractBeanFactory.java:299)
	at org.springframework.beans.factory.support.AbstractBeanFactory.getBean(AbstractBeanFactory.java:194)
	at org.springframework.beans.factory.support.DefaultListableBeanFactory.findAutowireCandidates(DefaultListableBeanFactory.java:1120)
	at org.springframework.beans.factory.support.DefaultListableBeanFactory.doResolveDependency(DefaultListableBeanFactory.java:1044)
	at org.springframework.beans.factory.support.DefaultListableBeanFactory.resolveDependency(DefaultListableBeanFactory.java:942)
	at org.springframework.beans.factory.annotation.AutowiredAnnotationBeanPostProcessor$AutowiredFieldElement.inject(AutowiredAnnotationBeanPostProcessor.java:533)
	... 52 more
Caused by: com.google.gson.JsonSyntaxException: com.google.gson.stream.MalformedJsonException: Expected EOF at line 2 column 1
	at com.google.gson.Gson.assertFullConsumption(Gson.java:772)
	at com.google.gson.Gson.fromJson(Gson.java:762)
	at com.google.gson.Gson.fromJson(Gson.java:710)
	at com.google.gson.Gson.fromJson(Gson.java:682)
	at com.maxtop.walker.service.impl.HttpClientServiceImpl.executePostService(HttpClientServiceImpl.java:119)
	at com.maxtop.walker.service.impl.PlayerServiceImpl.getPlayerAudienceCount(PlayerServiceImpl.java:105)
	at com.maxtop.walker.service.impl.PlayerServiceImpl.list(PlayerServiceImpl.java:96)
	at com.maxtop.walker.cache.PlayerRepository.refresh(PlayerRepository.java:34)
	at com.maxtop.walker.cache.PlayerRepository.afterPropertiesSet(PlayerRepository.java:78)
	at org.springframework.beans.factory.support.AbstractAutowireCapableBeanFactory.invokeInitMethods(AbstractAutowireCapableBeanFactory.java:1633)
	at org.springframework.beans.factory.support.AbstractAutowireCapableBeanFactory.initializeBean(AbstractAutowireCapableBeanFactory.java:1570)
	... 62 more
Caused by: com.google.gson.stream.MalformedJsonException: Expected EOF at line 2 column 1
	at com.google.gson.stream.JsonReader.syntaxError(JsonReader.java:1310)
	at com.google.gson.stream.JsonReader.peek(JsonReader.java:390)
	at com.google.gson.Gson.assertFullConsumption(Gson.java:768)
	... 72 more
May 06, 2016 2:33:18 PM org.apache.catalina.core.StandardContext start
SEVERE: Error listenerStart
May 06, 2016 2:33:18 PM org.apache.catalina.core.StandardContext start
SEVERE: Context [/walker] startup failed due to previous errors
May 06, 2016 2:33:18 PM org.apache.catalina.loader.WebappClassLoader clearReferencesJdbc
SEVERE: The web application [/walker] registered the JDBC driver [com.mysql.jdbc.Driver] but failed to unregister it when the web application was stopped. To prevent a memory leak, the JDBC Driver has been forcibly unregistered.
May 06, 2016 2:33:18 PM org.apache.catalina.loader.WebappClassLoader clearReferencesThreads
SEVERE: The web application [/walker] appears to have started a thread named [Abandoned connection cleanup thread] but has failed to stop it. This is very likely to create a memory leak.
May 06, 2016 2:33:18 PM org.apache.catalina.loader.WebappClassLoader clearReferencesThreads
SEVERE: The web application [/walker] appears to have started a thread named [Timer-0] but has failed to stop it. This is very likely to create a memory leak.
May 06, 2016 2:33:18 PM org.apache.catalina.loader.WebappClassLoader checkThreadLocalMapForLeaks
SEVERE: The web application [/walker] created a ThreadLocal with key of type [com.google.gson.Gson$1] (value [com.google.gson.Gson$1@5d273e13]) and a value of type [java.util.HashMap] (value [{}]) but failed to remove it when the web application was stopped. This is very likely to create a memory leak.
May 06, 2016 2:33:18 PM org.apache.catalina.startup.HostConfig deployDirectory
INFO: Deploying web application directory docs
May 06, 2016 2:33:18 PM org.apache.catalina.startup.HostConfig deployDirectory
INFO: Deploying web application directory examples
May 06, 2016 2:33:19 PM org.apache.catalina.startup.HostConfig deployDirectory
INFO: Deploying web application directory ROOT
May 06, 2016 2:33:19 PM org.apache.coyote.http11.Http11Protocol start
INFO: Starting Coyote HTTP/1.1 on http-8080
May 06, 2016 2:33:19 PM org.apache.catalina.startup.Catalina start
INFO: Server startup in 8799 ms
